<?xml version="1.0" encoding="UTF-8"?>
<!-- Generated by org.testng.reporters.JUnitReportReporter -->
<testsuite skipped="0" hostname="406171efd769" name="com.newtours.test.BookFlightTest" tests="20" failures="0" timestamp="17 Aug 2022 12:30:14 GMT" time="83.782" errors="0">
  <testcase name="bookFlightPageTest" time="2.401" classname="com.newtours.test.BookFlightTest"/>
  <testcase name="bookFlightPageTest" time="1.852" classname="com.newtours.test.BookFlightTest"/>
  <testcase name="registrationConfirmationPageTest" time="0.757" classname="com.newtours.test.BookFlightTest"/>
  <testcase name="registrationConfirmationPageTest" time="1.503" classname="com.newtours.test.BookFlightTest"/>
  <testcase name="flightConfirmationPage" time="1.427" classname="com.newtours.test.BookFlightTest"/>
  <testcase name="flightDetailsPageTest" time="4.461" classname="com.newtours.test.BookFlightTest"/>
  <testcase name="registrationPageTest" time="15.062" classname="com.newtours.test.BookFlightTest"/>
  <testcase name="registrationPageTest" time="12.777" classname="com.newtours.test.BookFlightTest"/>
  <testcase name="flightConfirmationPage" time="1.276" classname="com.newtours.test.BookFlightTest"/>
  <testcase name="flightDetailsPageTest" time="3.836" classname="com.newtours.test.BookFlightTest"/>
  <testcase name="flightDetailsPageTest" time="2.377" classname="com.newtours.test.BookFlightTest"/>
  <testcase name="registrationPageTest" time="12.454" classname="com.newtours.test.BookFlightTest"/>
  <testcase name="bookFlightPageTest" time="2.331" classname="com.newtours.test.BookFlightTest"/>
  <testcase name="registrationConfirmationPageTest" time="0.741" classname="com.newtours.test.BookFlightTest"/>
  <testcase name="flightConfirmationPage" time="1.078" classname="com.newtours.test.BookFlightTest"/>
  <testcase name="flightConfirmationPage" time="1.290" classname="com.newtours.test.BookFlightTest"/>
  <testcase name="registrationPageTest" time="12.512" classname="com.newtours.test.BookFlightTest"/>
  <testcase name="flightDetailsPageTest" time="2.860" classname="com.newtours.test.BookFlightTest"/>
  <testcase name="bookFlightPageTest" time="2.108" classname="com.newtours.test.BookFlightTest"/>
  <testcase name="registrationConfirmationPageTest" time="0.679" classname="com.newtours.test.BookFlightTest"/>
</testsuite> <!-- com.newtours.test.BookFlightTest -->
